[debug] [2024-09-27T21:47:02.397Z] ----------------------------------------------------------------------
[debug] [2024-09-27T21:47:02.402Z] Command:       /usr/local/bin/node /usr/local/bin/firebase emulators:start
[debug] [2024-09-27T21:47:02.403Z] CLI Version:   13.20.1
[debug] [2024-09-27T21:47:02.403Z] Platform:      darwin
[debug] [2024-09-27T21:47:02.404Z] Node Version:  v20.8.1
[debug] [2024-09-27T21:47:02.404Z] Time:          Sat Sep 28 2024 07:47:02 GMT+1000 (Australian Eastern Standard Time)
[debug] [2024-09-27T21:47:02.404Z] ----------------------------------------------------------------------
[debug] 
[debug] [2024-09-27T21:47:02.531Z] > command requires scopes: ["email","openid","https://www.googleapis.com/auth/cloudplatformprojects.readonly","https://www.googleapis.com/auth/firebase","https://www.googleapis.com/auth/cloud-platform"]
[debug] [2024-09-27T21:47:02.532Z] > authorizing via signed-in user (alldaywebprojects@gmail.com)
[debug] [2024-09-27T21:47:02.683Z] openjdk version "11.0.11" 2021-04-20

[debug] [2024-09-27T21:47:02.684Z] OpenJDK Runtime Environment AdoptOpenJDK-11.0.11+9 (build 11.0.11+9)
OpenJDK 64-Bit Server VM AdoptOpenJDK-11.0.11+9 (build 11.0.11+9, mixed mode)

[debug] [2024-09-27T21:47:02.703Z] Parsed Java major version: 11
[info] i  emulators: Starting emulators: auth, firestore, storage {"metadata":{"emulator":{"name":"hub"},"message":"Starting emulators: auth, firestore, storage"}}
[debug] [2024-09-27T21:47:03.830Z] [logging] Logging Emulator only supports listening on one address (127.0.0.1). Not listening on ::1
[debug] [2024-09-27T21:47:03.831Z] [auth] Authentication Emulator only supports listening on one address (127.0.0.1). Not listening on ::1
[debug] [2024-09-27T21:47:03.831Z] [firestore] Firestore Emulator only supports listening on one address (127.0.0.1). Not listening on ::1
[debug] [2024-09-27T21:47:03.831Z] [firestore.websocket] websocket server for firestore only supports listening on one address (127.0.0.1). Not listening on ::1
[debug] [2024-09-27T21:47:03.831Z] [storage] Storage Emulator only supports listening on one address (127.0.0.1). Not listening on ::1
[debug] [2024-09-27T21:47:03.832Z] assigned listening specs for emulators {"user":{"hub":[{"address":"127.0.0.1","family":"IPv4","port":4400},{"address":"::1","family":"IPv6","port":4400}],"ui":[{"address":"127.0.0.1","family":"IPv4","port":4000},{"address":"::1","family":"IPv6","port":4000}],"logging":[{"address":"127.0.0.1","family":"IPv4","port":4500}],"auth":[{"address":"127.0.0.1","family":"IPv4","port":9099}],"firestore":[{"address":"127.0.0.1","family":"IPv4","port":8080}],"firestore.websocket":[{"address":"127.0.0.1","family":"IPv4","port":9150}],"storage":[{"address":"127.0.0.1","family":"IPv4","port":9199}]},"metadata":{"message":"assigned listening specs for emulators"}}
[debug] [2024-09-27T21:47:03.838Z] [hub] writing locator at /var/folders/5f/czhd6wn113x8t_s882sswzvw0000gn/T/hub-protocol-underground-7a1f0.json
[debug] [2024-09-27T21:47:03.850Z] Ignoring unsupported arg: auto_download {"metadata":{"emulator":{"name":"firestore"},"message":"Ignoring unsupported arg: auto_download"}}
[debug] [2024-09-27T21:47:03.850Z] Ignoring unsupported arg: single_project_mode_error {"metadata":{"emulator":{"name":"firestore"},"message":"Ignoring unsupported arg: single_project_mode_error"}}
[debug] [2024-09-27T21:47:03.850Z] Starting Firestore Emulator with command {"binary":"java","args":["-Dgoogle.cloud_firestore.debug_log_level=FINE","-Duser.language=en","-jar","/Users/jamesmarshall/.cache/firebase/emulators/cloud-firestore-emulator-v1.19.8.jar","--host","127.0.0.1","--port",8080,"--websocket_port",9150,"--project_id","protocol-underground-7a1f0","--rules","/Users/jamesmarshall/Code/websites/protocol-platform/firestore.rules","--single_project_mode",true],"optionalArgs":["port","webchannel_port","host","rules","websocket_port","functions_emulator","seed_from_export","project_id","single_project_mode"],"joinArgs":false,"shell":false,"port":8080} {"metadata":{"emulator":{"name":"firestore"},"message":"Starting Firestore Emulator with command {\"binary\":\"java\",\"args\":[\"-Dgoogle.cloud_firestore.debug_log_level=FINE\",\"-Duser.language=en\",\"-jar\",\"/Users/jamesmarshall/.cache/firebase/emulators/cloud-firestore-emulator-v1.19.8.jar\",\"--host\",\"127.0.0.1\",\"--port\",8080,\"--websocket_port\",9150,\"--project_id\",\"protocol-underground-7a1f0\",\"--rules\",\"/Users/jamesmarshall/Code/websites/protocol-platform/firestore.rules\",\"--single_project_mode\",true],\"optionalArgs\":[\"port\",\"webchannel_port\",\"host\",\"rules\",\"websocket_port\",\"functions_emulator\",\"seed_from_export\",\"project_id\",\"single_project_mode\"],\"joinArgs\":false,\"shell\":false,\"port\":8080}"}}
[info] i  firestore: Firestore Emulator logging to firestore-debug.log {"metadata":{"emulator":{"name":"firestore"},"message":"Firestore Emulator logging to \u001b[1mfirestore-debug.log\u001b[22m"}}
[debug] [2024-09-27T21:47:06.151Z] Sep. 28, 2024 7:47:06 AM com.google.cloud.datastore.emulator.firestore.websocket.WebSocketServer start
INFO: Started WebSocket server on ws://127.0.0.1:9150
 {"metadata":{"emulator":{"name":"firestore"},"message":"Sep. 28, 2024 7:47:06 AM com.google.cloud.datastore.emulator.firestore.websocket.WebSocketServer start\nINFO: Started WebSocket server on ws://127.0.0.1:9150\n"}}
[debug] [2024-09-27T21:47:06.200Z] API endpoint: http:// {"metadata":{"emulator":{"name":"firestore"},"message":"API endpoint: http://"}}
[debug] [2024-09-27T21:47:06.200Z] 127.0.0.1:8080
If you are using a library that supports the FIRESTORE_EMULATOR_HOST environment variable, run:

   export FIRESTORE_EMULATOR_HOST=127.0.0.1:8080

If you are running a Firestore in Datastore Mode project, run:

   export DATASTORE_EMULATOR_HOST=127.0.0.1:8080

Note: Support for Datastore Mode is in preview. If you encounter any bugs please file at https://github.com/firebase/firebase-tools/issues.
Dev App Server is now running.

 {"metadata":{"emulator":{"name":"firestore"},"message":"127.0.0.1:8080\nIf you are using a library that supports the FIRESTORE_EMULATOR_HOST environment variable, run:\n\n   export FIRESTORE_EMULATOR_HOST=127.0.0.1:8080\n\nIf you are running a Firestore in Datastore Mode project, run:\n\n   export DATASTORE_EMULATOR_HOST=127.0.0.1:8080\n\nNote: Support for Datastore Mode is in preview. If you encounter any bugs please file at https://github.com/firebase/firebase-tools/issues.\nDev App Server is now running.\n\n"}}
[info] ✔  firestore: Firestore Emulator UI websocket is running on 9150. {"metadata":{"emulator":{"name":"firestore"},"message":"Firestore Emulator UI websocket is running on 9150."}}
[debug] [2024-09-27T21:47:17.576Z] Ignoring unsupported arg: port {"metadata":{"emulator":{"name":"storage"},"message":"Ignoring unsupported arg: port"}}
[debug] [2024-09-27T21:47:19.541Z] Temp file directory for storage emulator: /var/folders/5f/czhd6wn113x8t_s882sswzvw0000gn/T/firebase/storage/blobs {"metadata":{"emulator":{"name":"storage"},"message":"Temp file directory for storage emulator: /var/folders/5f/czhd6wn113x8t_s882sswzvw0000gn/T/firebase/storage/blobs"}}
[info] i  ui: downloading ui-v1.13.0.zip... {"metadata":{"emulator":{"name":"ui"},"message":"downloading ui-v1.13.0.zip..."}}
[debug] [2024-09-27T21:47:19.557Z] >>> [apiv2][query] GET https://storage.googleapis.com/firebase-preview-drop/emulator/ui-v1.13.0.zip 
[debug] [2024-09-27T21:47:19.901Z] <<< [apiv2][status] GET https://storage.googleapis.com/firebase-preview-drop/emulator/ui-v1.13.0.zip 200
[debug] [2024-09-27T21:47:19.901Z] <<< [apiv2][body] GET https://storage.googleapis.com/firebase-preview-drop/emulator/ui-v1.13.0.zip [stream]
[debug] [2024-09-27T21:47:21.456Z] Data is 3605485
[debug] [2024-09-27T21:47:21.456Z] [unzip] Entry: client/ (compressed_size=0 bytes, uncompressed_size=0 bytes)
[debug] [2024-09-27T21:47:21.456Z] [unzip] Processing entry: client/
[debug] [2024-09-27T21:47:21.457Z] [unzip] mkdir: /Users/jamesmarshall/.cache/firebase/emulators/ui-v1.13.0/client/
[debug] [2024-09-27T21:47:21.459Z] [unzip] Entry: client/favicon-16x16.png (compressed_size=293 bytes, uncompressed_size=293 bytes)
[debug] [2024-09-27T21:47:21.459Z] [unzip] Processing entry: client/favicon-16x16.png
[debug] [2024-09-27T21:47:21.459Z] [unzip] else mkdir: /Users/jamesmarshall/.cache/firebase/emulators/ui-v1.13.0/client
[debug] [2024-09-27T21:47:21.460Z] [unzip] Writing file: /Users/jamesmarshall/.cache/firebase/emulators/ui-v1.13.0/client/favicon-16x16.png
[debug] [2024-09-27T21:47:21.461Z] [unzip] Entry: client/safari-pinned-tab.svg (compressed_size=1433 bytes, uncompressed_size=2611 bytes)
[debug] [2024-09-27T21:47:21.461Z] [unzip] Processing entry: client/safari-pinned-tab.svg
[debug] [2024-09-27T21:47:21.461Z] [unzip] else mkdir: /Users/jamesmarshall/.cache/firebase/emulators/ui-v1.13.0/client
[debug] [2024-09-27T21:47:21.462Z] [unzip] deflating: /Users/jamesmarshall/.cache/firebase/emulators/ui-v1.13.0/client/safari-pinned-tab.svg
[debug] [2024-09-27T21:47:21.469Z] [unzip] Entry: client/favicon.ico (compressed_size=2933 bytes, uncompressed_size=13294 bytes)
[debug] [2024-09-27T21:47:21.470Z] [unzip] Processing entry: client/favicon.ico
[debug] [2024-09-27T21:47:21.470Z] [unzip] else mkdir: /Users/jamesmarshall/.cache/firebase/emulators/ui-v1.13.0/client
[debug] [2024-09-27T21:47:21.471Z] [unzip] deflating: /Users/jamesmarshall/.cache/firebase/emulators/ui-v1.13.0/client/favicon.ico
[debug] [2024-09-27T21:47:21.474Z] [unzip] Entry: client/index.html (compressed_size=1361 bytes, uncompressed_size=3071 bytes)
[debug] [2024-09-27T21:47:21.474Z] [unzip] Processing entry: client/index.html
[debug] [2024-09-27T21:47:21.474Z] [unzip] else mkdir: /Users/jamesmarshall/.cache/firebase/emulators/ui-v1.13.0/client
[debug] [2024-09-27T21:47:21.475Z] [unzip] deflating: /Users/jamesmarshall/.cache/firebase/emulators/ui-v1.13.0/client/index.html
[debug] [2024-09-27T21:47:21.477Z] [unzip] Entry: client/android-chrome-192x192.png (compressed_size=2684 bytes, uncompressed_size=2684 bytes)
[debug] [2024-09-27T21:47:21.477Z] [unzip] Processing entry: client/android-chrome-192x192.png
[debug] [2024-09-27T21:47:21.477Z] [unzip] else mkdir: /Users/jamesmarshall/.cache/firebase/emulators/ui-v1.13.0/client
[debug] [2024-09-27T21:47:21.478Z] [unzip] Writing file: /Users/jamesmarshall/.cache/firebase/emulators/ui-v1.13.0/client/android-chrome-192x192.png
[debug] [2024-09-27T21:47:21.479Z] [unzip] Entry: client/apple-touch-icon.png (compressed_size=2123 bytes, uncompressed_size=2152 bytes)
[debug] [2024-09-27T21:47:21.479Z] [unzip] Processing entry: client/apple-touch-icon.png
[debug] [2024-09-27T21:47:21.479Z] [unzip] else mkdir: /Users/jamesmarshall/.cache/firebase/emulators/ui-v1.13.0/client
[debug] [2024-09-27T21:47:21.479Z] [unzip] deflating: /Users/jamesmarshall/.cache/firebase/emulators/ui-v1.13.0/client/apple-touch-icon.png
[debug] [2024-09-27T21:47:21.481Z] [unzip] Entry: client/android-chrome-512x512.png (compressed_size=5369 bytes, uncompressed_size=5411 bytes)
[debug] [2024-09-27T21:47:21.482Z] [unzip] Processing entry: client/android-chrome-512x512.png
[debug] [2024-09-27T21:47:21.482Z] [unzip] else mkdir: /Users/jamesmarshall/.cache/firebase/emulators/ui-v1.13.0/client
[debug] [2024-09-27T21:47:21.482Z] [unzip] deflating: /Users/jamesmarshall/.cache/firebase/emulators/ui-v1.13.0/client/android-chrome-512x512.png
[debug] [2024-09-27T21:47:21.484Z] [unzip] Entry: client/manifest.json (compressed_size=245 bytes, uncompressed_size=551 bytes)
[debug] [2024-09-27T21:47:21.484Z] [unzip] Processing entry: client/manifest.json
[debug] [2024-09-27T21:47:21.484Z] [unzip] else mkdir: /Users/jamesmarshall/.cache/firebase/emulators/ui-v1.13.0/client
[debug] [2024-09-27T21:47:21.485Z] [unzip] deflating: /Users/jamesmarshall/.cache/firebase/emulators/ui-v1.13.0/client/manifest.json
[debug] [2024-09-27T21:47:21.487Z] [unzip] Entry: client/robots.txt (compressed_size=26 bytes, uncompressed_size=26 bytes)
[debug] [2024-09-27T21:47:21.487Z] [unzip] Processing entry: client/robots.txt
[debug] [2024-09-27T21:47:21.488Z] [unzip] else mkdir: /Users/jamesmarshall/.cache/firebase/emulators/ui-v1.13.0/client
[debug] [2024-09-27T21:47:21.488Z] [unzip] Writing file: /Users/jamesmarshall/.cache/firebase/emulators/ui-v1.13.0/client/robots.txt
[debug] [2024-09-27T21:47:21.489Z] [unzip] Entry: client/mstile-150x150.png (compressed_size=2034 bytes, uncompressed_size=2034 bytes)
[debug] [2024-09-27T21:47:21.490Z] [unzip] Processing entry: client/mstile-150x150.png
[debug] [2024-09-27T21:47:21.490Z] [unzip] else mkdir: /Users/jamesmarshall/.cache/firebase/emulators/ui-v1.13.0/client
[debug] [2024-09-27T21:47:21.490Z] [unzip] Writing file: /Users/jamesmarshall/.cache/firebase/emulators/ui-v1.13.0/client/mstile-150x150.png
[debug] [2024-09-27T21:47:21.491Z] [unzip] Entry: client/assets/ (compressed_size=0 bytes, uncompressed_size=0 bytes)
[debug] [2024-09-27T21:47:21.491Z] [unzip] Processing entry: client/assets/
[debug] [2024-09-27T21:47:21.491Z] [unzip] mkdir: /Users/jamesmarshall/.cache/firebase/emulators/ui-v1.13.0/client/assets/
[debug] [2024-09-27T21:47:21.492Z] [unzip] Entry: client/assets/index-I-mhtQda.js.map (compressed_size=2322562 bytes, uncompressed_size=9922747 bytes)
[debug] [2024-09-27T21:47:21.492Z] [unzip] Processing entry: client/assets/index-I-mhtQda.js.map
[debug] [2024-09-27T21:47:21.492Z] [unzip] else mkdir: /Users/jamesmarshall/.cache/firebase/emulators/ui-v1.13.0/client/assets
[debug] [2024-09-27T21:47:21.493Z] [unzip] deflating: /Users/jamesmarshall/.cache/firebase/emulators/ui-v1.13.0/client/assets/index-I-mhtQda.js.map
[debug] [2024-09-27T21:47:21.594Z] [unzip] Entry: client/assets/index-BdgySamB.css (compressed_size=35979 bytes, uncompressed_size=298654 bytes)
[debug] [2024-09-27T21:47:21.595Z] [unzip] Processing entry: client/assets/index-BdgySamB.css
[debug] [2024-09-27T21:47:21.595Z] [unzip] else mkdir: /Users/jamesmarshall/.cache/firebase/emulators/ui-v1.13.0/client/assets
[debug] [2024-09-27T21:47:21.595Z] [unzip] deflating: /Users/jamesmarshall/.cache/firebase/emulators/ui-v1.13.0/client/assets/index-BdgySamB.css
[debug] [2024-09-27T21:47:21.598Z] [unzip] Entry: client/assets/index-I-mhtQda.js (compressed_size=565968 bytes, uncompressed_size=2030855 bytes)
[debug] [2024-09-27T21:47:21.598Z] [unzip] Processing entry: client/assets/index-I-mhtQda.js
[debug] [2024-09-27T21:47:21.598Z] [unzip] else mkdir: /Users/jamesmarshall/.cache/firebase/emulators/ui-v1.13.0/client/assets
[debug] [2024-09-27T21:47:21.599Z] [unzip] deflating: /Users/jamesmarshall/.cache/firebase/emulators/ui-v1.13.0/client/assets/index-I-mhtQda.js
[debug] [2024-09-27T21:47:21.617Z] [unzip] Entry: client/assets/extensions/ (compressed_size=0 bytes, uncompressed_size=0 bytes)
[debug] [2024-09-27T21:47:21.617Z] [unzip] Processing entry: client/assets/extensions/
[debug] [2024-09-27T21:47:21.618Z] [unzip] mkdir: /Users/jamesmarshall/.cache/firebase/emulators/ui-v1.13.0/client/assets/extensions/
[debug] [2024-09-27T21:47:21.618Z] [unzip] Entry: client/assets/extensions/default-extension.png (compressed_size=1646 bytes, uncompressed_size=1657 bytes)
[debug] [2024-09-27T21:47:21.618Z] [unzip] Processing entry: client/assets/extensions/default-extension.png
[debug] [2024-09-27T21:47:21.618Z] [unzip] else mkdir: /Users/jamesmarshall/.cache/firebase/emulators/ui-v1.13.0/client/assets/extensions
[debug] [2024-09-27T21:47:21.618Z] [unzip] deflating: /Users/jamesmarshall/.cache/firebase/emulators/ui-v1.13.0/client/assets/extensions/default-extension.png
[debug] [2024-09-27T21:47:21.621Z] [unzip] Entry: client/assets/img/ (compressed_size=0 bytes, uncompressed_size=0 bytes)
[debug] [2024-09-27T21:47:21.621Z] [unzip] Processing entry: client/assets/img/
[debug] [2024-09-27T21:47:21.621Z] [unzip] mkdir: /Users/jamesmarshall/.cache/firebase/emulators/ui-v1.13.0/client/assets/img/
[debug] [2024-09-27T21:47:21.621Z] [unzip] Entry: client/assets/img/database.png (compressed_size=29449 bytes, uncompressed_size=29988 bytes)
[debug] [2024-09-27T21:47:21.622Z] [unzip] Processing entry: client/assets/img/database.png
[debug] [2024-09-27T21:47:21.622Z] [unzip] else mkdir: /Users/jamesmarshall/.cache/firebase/emulators/ui-v1.13.0/client/assets/img
[debug] [2024-09-27T21:47:21.622Z] [unzip] deflating: /Users/jamesmarshall/.cache/firebase/emulators/ui-v1.13.0/client/assets/img/database.png
[debug] [2024-09-27T21:47:21.624Z] [unzip] Entry: client/assets/provider-icons/ (compressed_size=0 bytes, uncompressed_size=0 bytes)
[debug] [2024-09-27T21:47:21.624Z] [unzip] Processing entry: client/assets/provider-icons/
[debug] [2024-09-27T21:47:21.624Z] [unzip] mkdir: /Users/jamesmarshall/.cache/firebase/emulators/ui-v1.13.0/client/assets/provider-icons/
[debug] [2024-09-27T21:47:21.625Z] [unzip] Entry: client/assets/provider-icons/auth_service_saml.svg (compressed_size=575 bytes, uncompressed_size=1226 bytes)
[debug] [2024-09-27T21:47:21.625Z] [unzip] Processing entry: client/assets/provider-icons/auth_service_saml.svg
[debug] [2024-09-27T21:47:21.625Z] [unzip] else mkdir: /Users/jamesmarshall/.cache/firebase/emulators/ui-v1.13.0/client/assets/provider-icons
[debug] [2024-09-27T21:47:21.625Z] [unzip] deflating: /Users/jamesmarshall/.cache/firebase/emulators/ui-v1.13.0/client/assets/provider-icons/auth_service_saml.svg
[debug] [2024-09-27T21:47:21.627Z] [unzip] Entry: client/assets/provider-icons/auth_service_phone.svg (compressed_size=261 bytes, uncompressed_size=414 bytes)
[debug] [2024-09-27T21:47:21.627Z] [unzip] Processing entry: client/assets/provider-icons/auth_service_phone.svg
[debug] [2024-09-27T21:47:21.627Z] [unzip] else mkdir: /Users/jamesmarshall/.cache/firebase/emulators/ui-v1.13.0/client/assets/provider-icons
[debug] [2024-09-27T21:47:21.628Z] [unzip] deflating: /Users/jamesmarshall/.cache/firebase/emulators/ui-v1.13.0/client/assets/provider-icons/auth_service_phone.svg
[debug] [2024-09-27T21:47:21.629Z] [unzip] Entry: client/assets/provider-icons/auth_service_facebook.svg (compressed_size=289 bytes, uncompressed_size=457 bytes)
[debug] [2024-09-27T21:47:21.629Z] [unzip] Processing entry: client/assets/provider-icons/auth_service_facebook.svg
[debug] [2024-09-27T21:47:21.630Z] [unzip] else mkdir: /Users/jamesmarshall/.cache/firebase/emulators/ui-v1.13.0/client/assets/provider-icons
[debug] [2024-09-27T21:47:21.630Z] [unzip] deflating: /Users/jamesmarshall/.cache/firebase/emulators/ui-v1.13.0/client/assets/provider-icons/auth_service_facebook.svg
[debug] [2024-09-27T21:47:21.632Z] [unzip] Entry: client/assets/provider-icons/auth_service_game_center.svg (compressed_size=991 bytes, uncompressed_size=3921 bytes)
[debug] [2024-09-27T21:47:21.632Z] [unzip] Processing entry: client/assets/provider-icons/auth_service_game_center.svg
[debug] [2024-09-27T21:47:21.632Z] [unzip] else mkdir: /Users/jamesmarshall/.cache/firebase/emulators/ui-v1.13.0/client/assets/provider-icons
[debug] [2024-09-27T21:47:21.632Z] [unzip] deflating: /Users/jamesmarshall/.cache/firebase/emulators/ui-v1.13.0/client/assets/provider-icons/auth_service_game_center.svg
[debug] [2024-09-27T21:47:21.634Z] [unzip] Entry: client/assets/provider-icons/auth_service_apple.svg (compressed_size=230 bytes, uncompressed_size=334 bytes)
[debug] [2024-09-27T21:47:21.634Z] [unzip] Processing entry: client/assets/provider-icons/auth_service_apple.svg
[debug] [2024-09-27T21:47:21.634Z] [unzip] else mkdir: /Users/jamesmarshall/.cache/firebase/emulators/ui-v1.13.0/client/assets/provider-icons
[debug] [2024-09-27T21:47:21.634Z] [unzip] deflating: /Users/jamesmarshall/.cache/firebase/emulators/ui-v1.13.0/client/assets/provider-icons/auth_service_apple.svg
[debug] [2024-09-27T21:47:21.636Z] [unzip] Entry: client/assets/provider-icons/auth_service_github.svg (compressed_size=466 bytes, uncompressed_size=838 bytes)
[debug] [2024-09-27T21:47:21.636Z] [unzip] Processing entry: client/assets/provider-icons/auth_service_github.svg
[debug] [2024-09-27T21:47:21.636Z] [unzip] else mkdir: /Users/jamesmarshall/.cache/firebase/emulators/ui-v1.13.0/client/assets/provider-icons
[debug] [2024-09-27T21:47:21.637Z] [unzip] deflating: /Users/jamesmarshall/.cache/firebase/emulators/ui-v1.13.0/client/assets/provider-icons/auth_service_github.svg
[debug] [2024-09-27T21:47:21.639Z] [unzip] Entry: client/assets/provider-icons/auth_service_mslive.svg (compressed_size=203 bytes, uncompressed_size=378 bytes)
[debug] [2024-09-27T21:47:21.639Z] [unzip] Processing entry: client/assets/provider-icons/auth_service_mslive.svg
[debug] [2024-09-27T21:47:21.639Z] [unzip] else mkdir: /Users/jamesmarshall/.cache/firebase/emulators/ui-v1.13.0/client/assets/provider-icons
[debug] [2024-09-27T21:47:21.639Z] [unzip] deflating: /Users/jamesmarshall/.cache/firebase/emulators/ui-v1.13.0/client/assets/provider-icons/auth_service_mslive.svg
[debug] [2024-09-27T21:47:21.641Z] [unzip] Entry: client/assets/provider-icons/auth_service_yahoo.svg (compressed_size=577 bytes, uncompressed_size=1182 bytes)
[debug] [2024-09-27T21:47:21.641Z] [unzip] Processing entry: client/assets/provider-icons/auth_service_yahoo.svg
[debug] [2024-09-27T21:47:21.641Z] [unzip] else mkdir: /Users/jamesmarshall/.cache/firebase/emulators/ui-v1.13.0/client/assets/provider-icons
[debug] [2024-09-27T21:47:21.642Z] [unzip] deflating: /Users/jamesmarshall/.cache/firebase/emulators/ui-v1.13.0/client/assets/provider-icons/auth_service_yahoo.svg
[debug] [2024-09-27T21:47:21.643Z] [unzip] Entry: client/assets/provider-icons/auth_service_twitter.svg (compressed_size=444 bytes, uncompressed_size=751 bytes)
[debug] [2024-09-27T21:47:21.644Z] [unzip] Processing entry: client/assets/provider-icons/auth_service_twitter.svg
[debug] [2024-09-27T21:47:21.644Z] [unzip] else mkdir: /Users/jamesmarshall/.cache/firebase/emulators/ui-v1.13.0/client/assets/provider-icons
[debug] [2024-09-27T21:47:21.644Z] [unzip] deflating: /Users/jamesmarshall/.cache/firebase/emulators/ui-v1.13.0/client/assets/provider-icons/auth_service_twitter.svg
[debug] [2024-09-27T21:47:21.646Z] [unzip] Entry: client/assets/provider-icons/auth_service_play_games.svg (compressed_size=565 bytes, uncompressed_size=1173 bytes)
[debug] [2024-09-27T21:47:21.647Z] [unzip] Processing entry: client/assets/provider-icons/auth_service_play_games.svg
[debug] [2024-09-27T21:47:21.647Z] [unzip] else mkdir: /Users/jamesmarshall/.cache/firebase/emulators/ui-v1.13.0/client/assets/provider-icons
[debug] [2024-09-27T21:47:21.648Z] [unzip] deflating: /Users/jamesmarshall/.cache/firebase/emulators/ui-v1.13.0/client/assets/provider-icons/auth_service_play_games.svg
[debug] [2024-09-27T21:47:21.650Z] [unzip] Entry: client/assets/provider-icons/auth_service_email.svg (compressed_size=228 bytes, uncompressed_size=326 bytes)
[debug] [2024-09-27T21:47:21.650Z] [unzip] Processing entry: client/assets/provider-icons/auth_service_email.svg
[debug] [2024-09-27T21:47:21.650Z] [unzip] else mkdir: /Users/jamesmarshall/.cache/firebase/emulators/ui-v1.13.0/client/assets/provider-icons
[debug] [2024-09-27T21:47:21.650Z] [unzip] deflating: /Users/jamesmarshall/.cache/firebase/emulators/ui-v1.13.0/client/assets/provider-icons/auth_service_email.svg
[debug] [2024-09-27T21:47:21.652Z] [unzip] Entry: client/assets/provider-icons/auth_service_google.svg (compressed_size=409 bytes, uncompressed_size=720 bytes)
[debug] [2024-09-27T21:47:21.652Z] [unzip] Processing entry: client/assets/provider-icons/auth_service_google.svg
[debug] [2024-09-27T21:47:21.652Z] [unzip] else mkdir: /Users/jamesmarshall/.cache/firebase/emulators/ui-v1.13.0/client/assets/provider-icons
[debug] [2024-09-27T21:47:21.653Z] [unzip] deflating: /Users/jamesmarshall/.cache/firebase/emulators/ui-v1.13.0/client/assets/provider-icons/auth_service_google.svg
[debug] [2024-09-27T21:47:21.654Z] [unzip] Entry: client/assets/provider-icons/auth_service_oidc.svg (compressed_size=414 bytes, uncompressed_size=858 bytes)
[debug] [2024-09-27T21:47:21.654Z] [unzip] Processing entry: client/assets/provider-icons/auth_service_oidc.svg
[debug] [2024-09-27T21:47:21.654Z] [unzip] else mkdir: /Users/jamesmarshall/.cache/firebase/emulators/ui-v1.13.0/client/assets/provider-icons
[debug] [2024-09-27T21:47:21.655Z] [unzip] deflating: /Users/jamesmarshall/.cache/firebase/emulators/ui-v1.13.0/client/assets/provider-icons/auth_service_oidc.svg
[debug] [2024-09-27T21:47:21.657Z] [unzip] Entry: client/browserconfig.xml (compressed_size=491 bytes, uncompressed_size=822 bytes)
[debug] [2024-09-27T21:47:21.657Z] [unzip] Processing entry: client/browserconfig.xml
[debug] [2024-09-27T21:47:21.657Z] [unzip] else mkdir: /Users/jamesmarshall/.cache/firebase/emulators/ui-v1.13.0/client
[debug] [2024-09-27T21:47:21.657Z] [unzip] deflating: /Users/jamesmarshall/.cache/firebase/emulators/ui-v1.13.0/client/browserconfig.xml
[debug] [2024-09-27T21:47:21.659Z] [unzip] Entry: client/favicon-32x32.png (compressed_size=475 bytes, uncompressed_size=475 bytes)
[debug] [2024-09-27T21:47:21.659Z] [unzip] Processing entry: client/favicon-32x32.png
[debug] [2024-09-27T21:47:21.659Z] [unzip] else mkdir: /Users/jamesmarshall/.cache/firebase/emulators/ui-v1.13.0/client
[debug] [2024-09-27T21:47:21.660Z] [unzip] Writing file: /Users/jamesmarshall/.cache/firebase/emulators/ui-v1.13.0/client/favicon-32x32.png
[debug] [2024-09-27T21:47:21.660Z] [unzip] Entry: server/ (compressed_size=0 bytes, uncompressed_size=0 bytes)
[debug] [2024-09-27T21:47:21.661Z] [unzip] Processing entry: server/
[debug] [2024-09-27T21:47:21.661Z] [unzip] mkdir: /Users/jamesmarshall/.cache/firebase/emulators/ui-v1.13.0/server/
[debug] [2024-09-27T21:47:21.661Z] [unzip] Entry: server/server.mjs.map (compressed_size=294629 bytes, uncompressed_size=1346672 bytes)
[debug] [2024-09-27T21:47:21.661Z] [unzip] Processing entry: server/server.mjs.map
[debug] [2024-09-27T21:47:21.661Z] [unzip] else mkdir: /Users/jamesmarshall/.cache/firebase/emulators/ui-v1.13.0/server
[debug] [2024-09-27T21:47:21.662Z] [unzip] deflating: /Users/jamesmarshall/.cache/firebase/emulators/ui-v1.13.0/server/server.mjs.map
[debug] [2024-09-27T21:47:21.692Z] [unzip] Entry: server/server.mjs (compressed_size=314679 bytes, uncompressed_size=1167517 bytes)
[debug] [2024-09-27T21:47:21.693Z] [unzip] Processing entry: server/server.mjs
[debug] [2024-09-27T21:47:21.693Z] [unzip] else mkdir: /Users/jamesmarshall/.cache/firebase/emulators/ui-v1.13.0/server
[debug] [2024-09-27T21:47:21.693Z] [unzip] deflating: /Users/jamesmarshall/.cache/firebase/emulators/ui-v1.13.0/server/server.mjs
[debug] [2024-09-27T21:47:21.705Z] [unzip] Entry: server/assets/ (compressed_size=0 bytes, uncompressed_size=0 bytes)
[debug] [2024-09-27T21:47:21.706Z] [unzip] Processing entry: server/assets/
[debug] [2024-09-27T21:47:21.706Z] [unzip] mkdir: /Users/jamesmarshall/.cache/firebase/emulators/ui-v1.13.0/server/assets/
[debug] [2024-09-27T21:47:21.706Z] [unzip] Entry: server/assets/multipart-parser-DGCUZdXu.mjs.map (compressed_size=4791 bytes, uncompressed_size=17918 bytes)
[debug] [2024-09-27T21:47:21.706Z] [unzip] Processing entry: server/assets/multipart-parser-DGCUZdXu.mjs.map
[debug] [2024-09-27T21:47:21.706Z] [unzip] else mkdir: /Users/jamesmarshall/.cache/firebase/emulators/ui-v1.13.0/server/assets
[debug] [2024-09-27T21:47:21.706Z] [unzip] deflating: /Users/jamesmarshall/.cache/firebase/emulators/ui-v1.13.0/server/assets/multipart-parser-DGCUZdXu.mjs.map
[debug] [2024-09-27T21:47:21.707Z] [unzip] Entry: server/assets/multipart-parser-DGCUZdXu.mjs (compressed_size=2621 bytes, uncompressed_size=10390 bytes)
[debug] [2024-09-27T21:47:21.707Z] [unzip] Processing entry: server/assets/multipart-parser-DGCUZdXu.mjs
[debug] [2024-09-27T21:47:21.708Z] [unzip] else mkdir: /Users/jamesmarshall/.cache/firebase/emulators/ui-v1.13.0/server/assets
[debug] [2024-09-27T21:47:21.708Z] [unzip] deflating: /Users/jamesmarshall/.cache/firebase/emulators/ui-v1.13.0/server/assets/multipart-parser-DGCUZdXu.mjs
[debug] [2024-09-27T21:47:21.709Z] Ignoring unsupported arg: auto_download {"metadata":{"emulator":{"name":"ui"},"message":"Ignoring unsupported arg: auto_download"}}
[debug] [2024-09-27T21:47:21.709Z] Ignoring unsupported arg: port {"metadata":{"emulator":{"name":"ui"},"message":"Ignoring unsupported arg: port"}}
[debug] [2024-09-27T21:47:21.709Z] Starting Emulator UI with command {"binary":"node","args":["/Users/jamesmarshall/.cache/firebase/emulators/ui-v1.13.0/server/server.mjs"],"optionalArgs":[],"joinArgs":false,"shell":false,"port":4000} {"metadata":{"emulator":{"name":"ui"},"message":"Starting Emulator UI with command {\"binary\":\"node\",\"args\":[\"/Users/jamesmarshall/.cache/firebase/emulators/ui-v1.13.0/server/server.mjs\"],\"optionalArgs\":[],\"joinArgs\":false,\"shell\":false,\"port\":4000}"}}
[info] i  ui: Emulator UI logging to ui-debug.log {"metadata":{"emulator":{"name":"ui"},"message":"Emulator UI logging to \u001b[1mui-debug.log\u001b[22m"}}
[debug] [2024-09-27T21:47:21.943Z] Web / API server started at 127.0.0.1:4000
 {"metadata":{"emulator":{"name":"ui"},"message":"Web / API server started at 127.0.0.1:4000\n"}}
[debug] [2024-09-27T21:47:21.944Z] Web / API server started at ::1:4000
 {"metadata":{"emulator":{"name":"ui"},"message":"Web / API server started at ::1:4000\n"}}
[debug] [2024-09-27T21:47:22.127Z] Could not find VSCode notification endpoint: FetchError: request to http://localhost:40001/vscode/notify failed, reason: 
[info] 
┌─────────────────────────────────────────────────────────────┐
│ ✔  All emulators ready! It is now safe to connect your app. │
│ i  View Emulator UI at http://127.0.0.1:4000/               │
└─────────────────────────────────────────────────────────────┘

┌────────────────┬────────────────┬─────────────────────────────────┐
│ Emulator       │ Host:Port      │ View in Emulator UI             │
├────────────────┼────────────────┼─────────────────────────────────┤
│ Authentication │ 127.0.0.1:9099 │ http://127.0.0.1:4000/auth      │
├────────────────┼────────────────┼─────────────────────────────────┤
│ Firestore      │ 127.0.0.1:8080 │ http://127.0.0.1:4000/firestore │
├────────────────┼────────────────┼─────────────────────────────────┤
│ Storage        │ 127.0.0.1:9199 │ http://127.0.0.1:4000/storage   │
└────────────────┴────────────────┴─────────────────────────────────┘
  Emulator Hub running at 127.0.0.1:4400
  Other reserved ports: 4500, 9150

Issues? Report them at https://github.com/firebase/firebase-tools/issues and attach the *-debug.log files.
 
[debug] [2024-09-27T21:48:04.923Z] Sep. 28, 2024 7:48:04 AM com.google.cloud.datastore.emulator.firestore.websocket.WebSocketChannelHandler initChannel
INFO: Connected to new websocket client
 {"metadata":{"emulator":{"name":"firestore"},"message":"Sep. 28, 2024 7:48:04 AM com.google.cloud.datastore.emulator.firestore.websocket.WebSocketChannelHandler initChannel\nINFO: Connected to new websocket client\n"}}
[debug] [2024-09-27T21:49:31.051Z] Sep. 28, 2024 7:49:31 AM io.gapi.emulators.netty.HttpVersionRoutingHandler channelRead
INFO: Detected non-HTTP/2 connection.
 {"metadata":{"emulator":{"name":"firestore"},"message":"Sep. 28, 2024 7:49:31 AM io.gapi.emulators.netty.HttpVersionRoutingHandler channelRead\nINFO: Detected non-HTTP/2 connection.\n"}}
[debug] [2024-09-27T21:49:31.589Z] Sep. 28, 2024 7:49:31 AM io.gapi.emulators.netty.HttpVersionRoutingHandler channelRead
INFO: Detected HTTP/2 connection.
 {"metadata":{"emulator":{"name":"firestore"},"message":"Sep. 28, 2024 7:49:31 AM io.gapi.emulators.netty.HttpVersionRoutingHandler channelRead\nINFO: Detected HTTP/2 connection.\n"}}
[debug] [2024-09-27T21:49:41.429Z] Checked if tokens are valid: true, expires at: 1727476230298
[debug] [2024-09-27T21:49:41.429Z] Checked if tokens are valid: true, expires at: 1727476230298
[debug] [2024-09-27T21:49:41.430Z] >>> [apiv2][query] GET https://firebase.googleapis.com/v1beta1/projects/protocol-underground-7a1f0/adminSdkConfig [none]
[debug] [2024-09-27T21:49:42.971Z] <<< [apiv2][status] GET https://firebase.googleapis.com/v1beta1/projects/protocol-underground-7a1f0/adminSdkConfig 200
[debug] [2024-09-27T21:49:42.972Z] <<< [apiv2][body] GET https://firebase.googleapis.com/v1beta1/projects/protocol-underground-7a1f0/adminSdkConfig {"projectId":"protocol-underground-7a1f0","storageBucket":"protocol-underground-7a1f0.appspot.com","locationId":"australia-southeast1"}
[debug] [2024-09-27T23:46:19.677Z] Sep. 28, 2024 9:46:19 AM com.google.cloud.datastore.emulator.firestore.websocket.WebSocketChannelHandler channelClosed
INFO: Websocket client disconnected
 {"metadata":{"emulator":{"name":"firestore"},"message":"Sep. 28, 2024 9:46:19 AM com.google.cloud.datastore.emulator.firestore.websocket.WebSocketChannelHandler channelClosed\nINFO: Websocket client disconnected\n"}}
[debug] [2024-09-27T23:46:30.090Z] Sep. 28, 2024 9:46:30 AM com.google.cloud.datastore.emulator.firestore.websocket.WebSocketChannelHandler initChannel
INFO: Connected to new websocket client
 {"metadata":{"emulator":{"name":"firestore"},"message":"Sep. 28, 2024 9:46:30 AM com.google.cloud.datastore.emulator.firestore.websocket.WebSocketChannelHandler initChannel\nINFO: Connected to new websocket client\n"}}
[debug] [2024-09-28T01:05:30.143Z] Sep. 28, 2024 11:05:30 AM com.google.cloud.datastore.emulator.firestore.websocket.WebSocketChannelHandler channelClosed
INFO: Websocket client disconnected
 {"metadata":{"emulator":{"name":"firestore"},"message":"Sep. 28, 2024 11:05:30 AM com.google.cloud.datastore.emulator.firestore.websocket.WebSocketChannelHandler channelClosed\nINFO: Websocket client disconnected\n"}}
[debug] [2024-09-28T03:25:02.160Z] Sep. 28, 2024 1:25:02 PM com.google.cloud.datastore.emulator.firestore.websocket.WebSocketChannelHandler initChannel
INFO: Connected to new websocket client
 {"metadata":{"emulator":{"name":"firestore"},"message":"Sep. 28, 2024 1:25:02 PM com.google.cloud.datastore.emulator.firestore.websocket.WebSocketChannelHandler initChannel\nINFO: Connected to new websocket client\n"}}
[debug] [2024-09-28T03:25:08.022Z] Sep. 28, 2024 1:25:08 PM com.google.cloud.datastore.emulator.firestore.websocket.WebSocketChannelHandler channelClosed
INFO: Websocket client disconnected
 {"metadata":{"emulator":{"name":"firestore"},"message":"Sep. 28, 2024 1:25:08 PM com.google.cloud.datastore.emulator.firestore.websocket.WebSocketChannelHandler channelClosed\nINFO: Websocket client disconnected\n"}}
[debug] [2024-09-28T03:26:02.145Z] Sep. 28, 2024 1:26:02 PM com.google.cloud.datastore.emulator.firestore.websocket.WebSocketChannelHandler initChannel
INFO: Connected to new websocket client
 {"metadata":{"emulator":{"name":"firestore"},"message":"Sep. 28, 2024 1:26:02 PM com.google.cloud.datastore.emulator.firestore.websocket.WebSocketChannelHandler initChannel\nINFO: Connected to new websocket client\n"}}
